<?xml version="1.0" encoding="UTF-8"?>
<testsuite name="Autenticacion correcta en la aplicacion de Utest" tests="1" skipped="1" failures="0" errors="0" timestamp="2023-09-16T11:43:53" hostname="LAPTOP-SM6BI9JU" time="0.078">
  <properties/>
  <testcase name="Crear un nuevo usuario en Utest.com" classname="Autenticacion correcta en la aplicacion de Utest" time="0.078">
    <skipped/>
  </testcase>
  <system-out><![CDATA[]]></system-out>
  <system-err><![CDATA[[Test worker] WARN net.thucydides.core.steps.BaseStepListener - stepStarted: net.thucydides.core.steps.ExecutedStepDescription@21362712
[Test worker] INFO net.thucydides.core.steps.ConsoleLoggingListener - TEST PENDING
[Test worker] WARN net.thucydides.core.steps.BaseStepListener - stepStarted: net.thucydides.core.steps.ExecutedStepDescription@7fe083b1
[Test worker] WARN net.thucydides.core.steps.BaseStepListener - stepStarted: net.thucydides.core.steps.ExecutedStepDescription@41beb473
[Test worker] WARN net.thucydides.core.steps.BaseStepListener - stepStarted: net.thucydides.core.steps.ExecutedStepDescription@263f04ca
[Test worker] WARN net.thucydides.core.steps.BaseStepListener - testFinished: Crear un nuevo usuario en Utest.com:Example: {firstname=testname, lastname=testlasname, emailaddress=test@emailaddress.com, month=September, day=8, year=1990, languages=Spanish, city=Cali, ziporpostalcode=760043, country=Colombia, yourcomputer=Windows, version=10, language=Spanish, yourmobiledevice=Alcatel, model=MD01, operatingsystem=Android 2.0, createyourutestpassword=Pass123456789*/, confirmpassword=Pass123456789} [Dado que Daniel esta en la página de Utest.com, Cuando hago clic en la opción de registro JOIN TODAY, Y diligencio el formulario para crear un nuevo usuario
| first name | last name | email address | month | day | year | languages | city | zip or postal code | country | your Computer | version | language | your mobile device | model | operating system | create your utest password | confirm password |
| testname | testlasname | test@emailaddress.com | September | 8 | 1990 | Spanish | Cali | 760043 | Colombia | Windows | 10 | Spanish | Alcatel | MD01 | Android 2.0 | Pass123456789*/ | Pass123456789 |, Entonces valido mi registro con el siguiente mensaje "Welcome to the world's largest community of freelance software testers!"]
[Test worker] WARN net.thucydides.core.steps.BaseStepListener - TestOutcomes: [Crear un nuevo usuario en Utest.com:Example: {firstname=testname, lastname=testlasname, emailaddress=test@emailaddress.com, month=September, day=8, year=1990, languages=Spanish, city=Cali, ziporpostalcode=760043, country=Colombia, yourcomputer=Windows, version=10, language=Spanish, yourmobiledevice=Alcatel, model=MD01, operatingsystem=Android 2.0, createyourutestpassword=Pass123456789*/, confirmpassword=Pass123456789} [Dado que Daniel esta en la página de Utest.com, Cuando hago clic en la opción de registro JOIN TODAY, Y diligencio el formulario para crear un nuevo usuario
| first name | last name | email address | month | day | year | languages | city | zip or postal code | country | your Computer | version | language | your mobile device | model | operating system | create your utest password | confirm password |
| testname | testlasname | test@emailaddress.com | September | 8 | 1990 | Spanish | Cali | 760043 | Colombia | Windows | 10 | Spanish | Alcatel | MD01 | Android 2.0 | Pass123456789*/ | Pass123456789 |, Entonces valido mi registro con el siguiente mensaje "Welcome to the world's largest community of freelance software testers!"]]
[Test worker] WARN net.thucydides.core.steps.BaseStepListener - Final testOutcomes: [Crear un nuevo usuario en Utest.com:Example: {firstname=testname, lastname=testlasname, emailaddress=test@emailaddress.com, month=September, day=8, year=1990, languages=Spanish, city=Cali, ziporpostalcode=760043, country=Colombia, yourcomputer=Windows, version=10, language=Spanish, yourmobiledevice=Alcatel, model=MD01, operatingsystem=Android 2.0, createyourutestpassword=Pass123456789*/, confirmpassword=Pass123456789} [Dado que Daniel esta en la página de Utest.com, Cuando hago clic en la opción de registro JOIN TODAY, Y diligencio el formulario para crear un nuevo usuario
| first name | last name | email address | month | day | year | languages | city | zip or postal code | country | your Computer | version | language | your mobile device | model | operating system | create your utest password | confirm password |
| testname | testlasname | test@emailaddress.com | September | 8 | 1990 | Spanish | Cali | 760043 | Colombia | Windows | 10 | Spanish | Alcatel | MD01 | Android 2.0 | Pass123456789*/ | Pass123456789 |, Entonces valido mi registro con el siguiente mensaje "Welcome to the world's largest community of freelance software testers!"]]
[Test worker] INFO net.thucydides.core.steps.ConsoleLoggingListener - 
          __  _____ _____ ____ _____   ____  _____ _   _ ____ ___ _   _  ____ 
 _       / / |_   _| ____/ ___|_   _| |  _ \| ____| \ | |  _ \_ _| \ | |/ ___|
(_)____ / /    | | |  _| \___ \ | |   | |_) |  _| |  \| | | | | ||  \| | |  _ 
 |_____/ /     | | | |___ ___) || |   |  __/| |___| |\  | |_| | || |\  | |_| |
(_)   /_/      |_| |_____|____/ |_|   |_|   |_____|_| \_|____/___|_| \_|\____|
                                                                                

TEST PENDING: Crear un nuevo usuario en Utest.com
---------------------------------------------------------------------------------
]]></system-err>
</testsuite>
